<?xml version="1.0" encoding="UTF-8"?>
<!-- Generated by org.testng.reporters.JUnitReportReporter -->
<testsuite hostname="DESKTOP-2P679HL" failures="0" tests="3" name="apitest.Mobiquity" time="14.413" errors="0" timestamp="22 Jul 2021 08:03:53 GMT" skipped="0">
  <testcase classname="apitest.Mobiquity" name="validateUserPostComments" time="10.170"/>
  <testcase classname="apitest.Mobiquity" name="getUserPosts" time="0.751"/>
  <testcase classname="apitest.Mobiquity" name="getUser" time="3.492"/>
</testsuite> <!-- apitest.Mobiquity -->
